<?xml version="1.0" encoding="UTF-8" ?>
<testsuite tests="31" failures="0" name="santanjm.blokus.NominoTest" time="0.326" errors="0" skipped="0">
  <properties>
    <property name="java.runtime.name" value="OpenJDK Runtime Environment"/>
    <property name="java.vm.version" value="10.0.2+13-Ubuntu-1ubuntu0.18.04.4"/>
    <property name="sun.boot.library.path" value="/usr/lib/jvm/java-11-openjdk-amd64/lib"/>
    <property name="maven.multiModuleProjectDirectory" value="/home/catsby/Documents/santanjm_blokus/santanjm-blokus"/>
    <property name="java.vm.vendor" value="Oracle Corporation"/>
    <property name="java.vendor.url" value="http://java.oracle.com/"/>
    <property name="guice.disable.misplaced.annotation.check" value="true"/>
    <property name="path.separator" value=":"/>
    <property name="java.vm.name" value="OpenJDK 64-Bit Server VM"/>
    <property name="file.encoding.pkg" value="sun.io"/>
    <property name="sun.os.patch.level" value="unknown"/>
    <property name="user.country" value="US"/>
    <property name="sun.java.launcher" value="SUN_STANDARD"/>
    <property name="java.vm.specification.name" value="Java Virtual Machine Specification"/>
    <property name="user.dir" value="/home/catsby/Documents/santanjm_blokus/santanjm-blokus"/>
    <property name="java.vm.compressedOopsMode" value="32-bit"/>
    <property name="java.runtime.version" value="10.0.2+13-Ubuntu-1ubuntu0.18.04.4"/>
    <property name="java.awt.graphicsenv" value="sun.awt.X11GraphicsEnvironment"/>
    <property name="os.arch" value="amd64"/>
    <property name="java.io.tmpdir" value="/tmp"/>
    <property name="line.separator" value="
"/>
    <property name="java.vm.specification.vendor" value="Oracle Corporation"/>
    <property name="os.name" value="Linux"/>
    <property name="classworlds.conf" value="/opt/apache-maven-3.5.4/bin/m2.conf"/>
    <property name="sun.jnu.encoding" value="UTF-8"/>
    <property name="java.library.path" value="/usr/java/packages/lib:/usr/lib/x86_64-linux-gnu/jni:/lib/x86_64-linux-gnu:/usr/lib/x86_64-linux-gnu:/usr/lib/jni:/lib:/usr/lib"/>
    <property name="maven.conf" value="/opt/apache-maven-3.5.4/conf"/>
    <property name="jdk.debug" value="release"/>
    <property name="java.class.version" value="54.0"/>
    <property name="java.specification.name" value="Java Platform API Specification"/>
    <property name="sun.management.compiler" value="HotSpot 64-Bit Tiered Compilers"/>
    <property name="os.version" value="4.15.0-43-generic"/>
    <property name="library.jansi.path" value="/opt/apache-maven-3.5.4/lib/jansi-native"/>
    <property name="user.home" value="/home/catsby"/>
    <property name="user.timezone" value="America/Chicago"/>
    <property name="java.awt.printerjob" value="sun.print.PSPrinterJob"/>
    <property name="file.encoding" value="UTF-8"/>
    <property name="java.specification.version" value="10"/>
    <property name="user.name" value="catsby"/>
    <property name="java.class.path" value="/opt/apache-maven-3.5.4/boot/plexus-classworlds-2.5.2.jar"/>
    <property name="java.vm.specification.version" value="10"/>
    <property name="sun.arch.data.model" value="64"/>
    <property name="sun.java.command" value="org.codehaus.plexus.classworlds.launcher.Launcher package"/>
    <property name="java.home" value="/usr/lib/jvm/java-11-openjdk-amd64"/>
    <property name="user.language" value="en"/>
    <property name="java.specification.vendor" value="Oracle Corporation"/>
    <property name="awt.toolkit" value="sun.awt.X11.XToolkit"/>
    <property name="java.vm.info" value="mixed mode"/>
    <property name="java.version" value="10.0.2"/>
    <property name="securerandom.source" value="file:/dev/./urandom"/>
    <property name="java.vendor" value="Oracle Corporation"/>
    <property name="maven.home" value="/opt/apache-maven-3.5.4"/>
    <property name="file.separator" value="/"/>
    <property name="java.version.date" value="2018-07-17"/>
    <property name="java.vendor.url.bug" value="http://bugreport.java.com/bugreport/"/>
    <property name="sun.io.unicode.encoding" value="UnicodeLittle"/>
    <property name="sun.cpu.endian" value="little"/>
    <property name="sun.desktop" value="gnome"/>
    <property name="sun.cpu.isalist" value=""/>
  </properties>
  <testcase classname="santanjm.blokus.NominoTest" name="testNotNullSides" time="0.01"/>
  <testcase classname="santanjm.blokus.NominoTest" name="testDuplicate1" time="0.03"/>
  <testcase classname="santanjm.blokus.NominoTest" name="testRotateSquare" time="0.003"/>
  <testcase classname="santanjm.blokus.NominoTest" name="testSearchAll1" time="0.009"/>
  <testcase classname="santanjm.blokus.NominoTest" name="testSearchAll2" time="0.007"/>
  <testcase classname="santanjm.blokus.NominoTest" name="testReflectSquarePlusRightLeft" time="0.012"/>
  <testcase classname="santanjm.blokus.NominoTest" name="testCopy" time="0.012"/>
  <testcase classname="santanjm.blokus.NominoTest" name="testFind" time="0.02"/>
  <testcase classname="santanjm.blokus.NominoTest" name="testWalk" time="0.008"/>
  <testcase classname="santanjm.blokus.NominoTest" name="testAttach1" time="0.003"/>
  <testcase classname="santanjm.blokus.NominoTest" name="testAttach2" time="0.016"/>
  <testcase classname="santanjm.blokus.NominoTest" name="testAttach3" time="0.007"/>
  <testcase classname="santanjm.blokus.NominoTest" name="testAttach4" time="0.008"/>
  <testcase classname="santanjm.blokus.NominoTest" name="testAttach5" time="0.003"/>
  <testcase classname="santanjm.blokus.NominoTest" name="testToString" time="0.021"/>
  <testcase classname="santanjm.blokus.NominoTest" name="testTravelToEnd" time="0.01"/>
  <testcase classname="santanjm.blokus.NominoTest" name="testReflectSquarePlusTopBottom" time="0.012"/>
  <testcase classname="santanjm.blokus.NominoTest" name="testFindPath" time="0.019"/>
  <testcase classname="santanjm.blokus.NominoTest" name="testReflectSquarePlus1" time="0.018"/>
  <testcase classname="santanjm.blokus.NominoTest" name="testMoveMonomino" time="0.009"/>
  <testcase classname="santanjm.blokus.NominoTest" name="testReflect" time="0.006"/>
  <testcase classname="santanjm.blokus.NominoTest" name="testSetCoords" time="0.015"/>
  <testcase classname="santanjm.blokus.NominoTest" name="testSquarePlusWalk" time="0.011"/>
  <testcase classname="santanjm.blokus.NominoTest" name="testRotateCross" time="0.003"/>
  <testcase classname="santanjm.blokus.NominoTest" name="testDetach" time="0.023"/>
  <testcase classname="santanjm.blokus.NominoTest" name="testMoveDomino" time="0.009"/>
  <testcase classname="santanjm.blokus.NominoTest" name="testSearch1" time="0.003"/>
  <testcase classname="santanjm.blokus.NominoTest" name="testSearch2" time="0.009"/>
  <testcase classname="santanjm.blokus.NominoTest" name="testRotate" time="0.005"/>
  <testcase classname="santanjm.blokus.NominoTest" name="testNullSides" time="0.002"/>
  <testcase classname="santanjm.blokus.NominoTest" name="testSearchAllUnique" time="0.003"/>
</testsuite>